<?xml version="1.0" encoding="UTF-8"?>
<testng-results skipped="0" failed="0" ignored="0" total="1" passed="1">
  <reporter-output>
  </reporter-output>
  <suite name="ContainerAutomation" duration-ms="63" started-at="2020-07-09T10:27:39Z" finished-at="2020-07-09T10:27:40Z">
    <groups>
    </groups>
    <test name="ContainerTest" duration-ms="63" started-at="2020-07-09T10:27:39Z" finished-at="2020-07-09T10:27:40Z">
      <class name="com.agilent.cps.tests">
        <test-method status="PASS" signature="simpletest()[pri:0, instance:com.agilent.cps.tests@8bd1b6a]" name="simpletest" duration-ms="17" started-at="2020-07-09T10:27:39Z" finished-at="2020-07-09T10:27:40Z">
          <reporter-output>
          </reporter-output>
        </test-method> <!-- simpletest -->
      </class> <!-- com.agilent.cps.tests -->
    </test> <!-- ContainerTest -->
  </suite> <!-- ContainerAutomation -->
</testng-results>
